<?xml version="1.0" encoding="UTF-8"?>
<coverage generated="1658708465893" clover="3.2.0">
  <project timestamp="1658708465894" name="All files">
    <metrics statements="99" coveredstatements="69" conditionals="34" coveredconditionals="17" methods="21" coveredmethods="18" elements="154" coveredelements="104" complexity="0" loc="99" ncloc="99" packages="9" files="15" classes="15"/>
    <package name="src">
      <metrics statements="6" coveredstatements="6" conditionals="2" coveredconditionals="1" methods="0" coveredmethods="0"/>
      <file name="app.js" path="/Users/thomas.curry/Documents/misc-dev/cinema-tickets/src/app.js">
        <metrics statements="5" coveredstatements="5" conditionals="0" coveredconditionals="0" methods="0" coveredmethods="0"/>
        <line num="6" count="1" type="stmt"/>
        <line num="8" count="1" type="stmt"/>
        <line num="9" count="1" type="stmt"/>
        <line num="11" count="1" type="stmt"/>
        <line num="13" count="1" type="stmt"/>
      </file>
      <file name="logger.js" path="/Users/thomas.curry/Documents/misc-dev/cinema-tickets/src/logger.js">
        <metrics statements="1" coveredstatements="1" conditionals="2" coveredconditionals="1" methods="0" coveredmethods="0"/>
        <line num="3" count="1" type="stmt"/>
      </file>
    </package>
    <package name="src.bootstrap">
      <metrics statements="3" coveredstatements="3" conditionals="0" coveredconditionals="0" methods="1" coveredmethods="1"/>
      <file name="OpenApiValidator.js" path="/Users/thomas.curry/Documents/misc-dev/cinema-tickets/src/bootstrap/OpenApiValidator.js">
        <metrics statements="3" coveredstatements="3" conditionals="0" coveredconditionals="0" methods="1" coveredmethods="1"/>
        <line num="6" count="1" type="stmt"/>
        <line num="7" count="1" type="stmt"/>
        <line num="10" count="1" type="stmt"/>
      </file>
    </package>
    <package name="src.pairtest.controllers">
      <metrics statements="14" coveredstatements="11" conditionals="2" coveredconditionals="1" methods="2" coveredmethods="2"/>
      <file name="TicketController.js" path="/Users/thomas.curry/Documents/misc-dev/cinema-tickets/src/pairtest/controllers/TicketController.js">
        <metrics statements="14" coveredstatements="11" conditionals="2" coveredconditionals="1" methods="2" coveredmethods="2"/>
        <line num="7" count="1" type="stmt"/>
        <line num="8" count="1" type="stmt"/>
        <line num="10" count="1" type="stmt"/>
        <line num="11" count="1" type="stmt"/>
        <line num="12" count="1" type="stmt"/>
        <line num="14" count="1" type="cond" truecount="1" falsecount="1"/>
        <line num="15" count="0" type="stmt"/>
        <line num="18" count="1" type="stmt"/>
        <line num="19" count="1" type="stmt"/>
        <line num="20" count="3" type="stmt"/>
        <line num="22" count="1" type="stmt"/>
        <line num="24" count="1" type="stmt"/>
        <line num="26" count="0" type="stmt"/>
        <line num="27" count="0" type="stmt"/>
      </file>
    </package>
    <package name="src.pairtest.lib">
      <metrics statements="27" coveredstatements="21" conditionals="12" coveredconditionals="4" methods="7" coveredmethods="6"/>
      <file name="Constants.js" path="/Users/thomas.curry/Documents/misc-dev/cinema-tickets/src/pairtest/lib/Constants.js">
        <metrics statements="1" coveredstatements="1" conditionals="0" coveredconditionals="0" methods="0" coveredmethods="0"/>
        <line num="1" count="1" type="stmt"/>
      </file>
      <file name="ErrorHandler.js" path="/Users/thomas.curry/Documents/misc-dev/cinema-tickets/src/pairtest/lib/ErrorHandler.js">
        <metrics statements="3" coveredstatements="1" conditionals="4" coveredconditionals="0" methods="1" coveredmethods="0"/>
        <line num="1" count="1" type="stmt"/>
        <line num="2" count="0" type="cond" truecount="0" falsecount="2"/>
        <line num="4" count="0" type="stmt"/>
      </file>
      <file name="EsmResolver.js" path="/Users/thomas.curry/Documents/misc-dev/cinema-tickets/src/pairtest/lib/EsmResolver.js">
        <metrics statements="14" coveredstatements="12" conditionals="4" coveredconditionals="2" methods="3" coveredmethods="3"/>
        <line num="3" count="1" type="stmt"/>
        <line num="4" count="1" type="stmt"/>
        <line num="7" count="1" type="stmt"/>
        <line num="8" count="1" type="stmt"/>
        <line num="11" count="1" type="cond" truecount="1" falsecount="1"/>
        <line num="14" count="1" type="cond" truecount="1" falsecount="1"/>
        <line num="16" count="1" type="stmt"/>
        <line num="17" count="1" type="stmt"/>
        <line num="19" count="1" type="stmt"/>
        <line num="20" count="1" type="stmt"/>
        <line num="21" count="1" type="stmt"/>
        <line num="22" count="1" type="stmt"/>
        <line num="24" count="0" type="stmt"/>
        <line num="25" count="0" type="stmt"/>
      </file>
      <file name="TicketTypeRequest.js" path="/Users/thomas.curry/Documents/misc-dev/cinema-tickets/src/pairtest/lib/TicketTypeRequest.js">
        <metrics statements="9" coveredstatements="7" conditionals="4" coveredconditionals="2" methods="3" coveredmethods="3"/>
        <line num="11" count="3" type="cond" truecount="1" falsecount="1"/>
        <line num="12" count="0" type="stmt"/>
        <line num="15" count="3" type="cond" truecount="1" falsecount="1"/>
        <line num="16" count="0" type="stmt"/>
        <line num="19" count="3" type="stmt"/>
        <line num="20" count="3" type="stmt"/>
        <line num="24" count="8" type="stmt"/>
        <line num="28" count="9" type="stmt"/>
        <line num="31" count="3" type="stmt"/>
      </file>
    </package>
    <package name="src.pairtest.models.errors">
      <metrics statements="8" coveredstatements="0" conditionals="0" coveredconditionals="0" methods="2" coveredmethods="0"/>
      <file name="InternalPurchaseException.js" path="/Users/thomas.curry/Documents/misc-dev/cinema-tickets/src/pairtest/models/errors/InternalPurchaseException.js">
        <metrics statements="4" coveredstatements="0" conditionals="0" coveredconditionals="0" methods="1" coveredmethods="0"/>
        <line num="5" count="0" type="stmt"/>
        <line num="6" count="0" type="stmt"/>
        <line num="7" count="0" type="stmt"/>
        <line num="8" count="0" type="stmt"/>
      </file>
      <file name="InvalidPurchaseException.js" path="/Users/thomas.curry/Documents/misc-dev/cinema-tickets/src/pairtest/models/errors/InvalidPurchaseException.js">
        <metrics statements="4" coveredstatements="0" conditionals="0" coveredconditionals="0" methods="1" coveredmethods="0"/>
        <line num="5" count="0" type="stmt"/>
        <line num="6" count="0" type="stmt"/>
        <line num="7" count="0" type="stmt"/>
        <line num="8" count="0" type="stmt"/>
      </file>
    </package>
    <package name="src.pairtest.repository">
      <metrics statements="5" coveredstatements="4" conditionals="2" coveredconditionals="1" methods="1" coveredmethods="1"/>
      <file name="TicketRepository.js" path="/Users/thomas.curry/Documents/misc-dev/cinema-tickets/src/pairtest/repository/TicketRepository.js">
        <metrics statements="5" coveredstatements="4" conditionals="2" coveredconditionals="1" methods="1" coveredmethods="1"/>
        <line num="4" count="1" type="stmt"/>
        <line num="11" count="3" type="cond" truecount="1" falsecount="1"/>
        <line num="12" count="0" type="stmt"/>
        <line num="15" count="3" type="stmt"/>
        <line num="16" count="3" type="stmt"/>
      </file>
    </package>
    <package name="src.pairtest.services">
      <metrics statements="28" coveredstatements="20" conditionals="8" coveredconditionals="6" methods="6" coveredmethods="6"/>
      <file name="AccountService.js" path="/Users/thomas.curry/Documents/misc-dev/cinema-tickets/src/pairtest/services/AccountService.js">
        <metrics statements="1" coveredstatements="1" conditionals="2" coveredconditionals="2" methods="1" coveredmethods="1"/>
        <line num="3" count="1" type="cond" truecount="2" falsecount="0"/>
      </file>
      <file name="TicketService.js" path="/Users/thomas.curry/Documents/misc-dev/cinema-tickets/src/pairtest/services/TicketService.js">
        <metrics statements="27" coveredstatements="19" conditionals="6" coveredconditionals="4" methods="5" coveredmethods="5"/>
        <line num="9" count="1" type="stmt"/>
        <line num="10" count="1" type="stmt"/>
        <line num="11" count="1" type="stmt"/>
        <line num="16" count="1" type="stmt"/>
        <line num="17" count="3" type="stmt"/>
        <line num="22" count="3" type="stmt"/>
        <line num="26" count="1" type="stmt"/>
        <line num="27" count="3" type="stmt"/>
        <line num="32" count="1" type="stmt"/>
        <line num="33" count="3" type="stmt"/>
        <line num="34" count="3" type="cond" truecount="2" falsecount="0"/>
        <line num="43" count="1" type="cond" truecount="1" falsecount="1"/>
        <line num="44" count="0" type="stmt"/>
        <line num="45" count="0" type="stmt"/>
        <line num="46" count="0" type="stmt"/>
        <line num="49" count="1" type="cond" truecount="1" falsecount="1"/>
        <line num="50" count="0" type="stmt"/>
        <line num="51" count="0" type="stmt"/>
        <line num="52" count="0" type="stmt"/>
        <line num="55" count="1" type="stmt"/>
        <line num="56" count="1" type="stmt"/>
        <line num="57" count="1" type="stmt"/>
        <line num="60" count="1" type="stmt"/>
        <line num="61" count="1" type="stmt"/>
        <line num="63" count="1" type="stmt"/>
        <line num="71" count="0" type="stmt"/>
        <line num="72" count="0" type="stmt"/>
      </file>
    </package>
    <package name="src.thirdparty.paymentgateway">
      <metrics statements="4" coveredstatements="2" conditionals="4" coveredconditionals="2" methods="1" coveredmethods="1"/>
      <file name="TicketPaymentService.js" path="/Users/thomas.curry/Documents/misc-dev/cinema-tickets/src/thirdparty/paymentgateway/TicketPaymentService.js">
        <metrics statements="4" coveredstatements="2" conditionals="4" coveredconditionals="2" methods="1" coveredmethods="1"/>
        <line num="5" count="1" type="cond" truecount="1" falsecount="1"/>
        <line num="6" count="0" type="stmt"/>
        <line num="9" count="1" type="cond" truecount="1" falsecount="1"/>
        <line num="10" count="0" type="stmt"/>
      </file>
    </package>
    <package name="src.thirdparty.seatbooking">
      <metrics statements="4" coveredstatements="2" conditionals="4" coveredconditionals="2" methods="1" coveredmethods="1"/>
      <file name="SeatReservationService.js" path="/Users/thomas.curry/Documents/misc-dev/cinema-tickets/src/thirdparty/seatbooking/SeatReservationService.js">
        <metrics statements="4" coveredstatements="2" conditionals="4" coveredconditionals="2" methods="1" coveredmethods="1"/>
        <line num="5" count="1" type="cond" truecount="1" falsecount="1"/>
        <line num="6" count="0" type="stmt"/>
        <line num="9" count="1" type="cond" truecount="1" falsecount="1"/>
        <line num="10" count="0" type="stmt"/>
      </file>
    </package>
  </project>
</coverage>
