{"/Users/thomas.curry/Documents/misc-dev/cinema-tickets/src/controllers/tickets.controller.js": {"path":"/Users/thomas.curry/Documents/misc-dev/cinema-tickets/src/controllers/tickets.controller.js","statementMap":{"0":{"start":{"line":2,"column":31},"end":{"line":4,"column":1}},"1":{"start":{"line":3,"column":4},"end":{"line":3,"column":26}}},"fnMap":{"0":{"name":"(anonymous_0)","decl":{"start":{"line":2,"column":31},"end":{"line":2,"column":32}},"loc":{"start":{"line":2,"column":57},"end":{"line":4,"column":1}},"line":2}},"branchMap":{},"s":{"0":1,"1":1},"f":{"0":1},"b":{},"_coverageSchema":"1a1c01bbd47fc00a2c39e90264f33305004495a9","hash":"d930018f55227e552142ed0707451f110310b7df"}
}
