{"/Users/thomas.curry/Documents/misc-dev/cinema-tickets/src/logger.js": {"path":"/Users/thomas.curry/Documents/misc-dev/cinema-tickets/src/logger.js","statementMap":{"0":{"start":{"line":3,"column":15},"end":{"line":7,"column":2}}},"fnMap":{},"branchMap":{"0":{"loc":{"start":{"line":4,"column":9},"end":{"line":4,"column":65}},"type":"cond-expr","locations":[{"start":{"line":4,"column":49},"end":{"line":4,"column":55}},{"start":{"line":4,"column":58},"end":{"line":4,"column":65}}],"line":4}},"s":{"0":2},"f":{},"b":{"0":[0,2]},"inputSourceMap":null,"_coverageSchema":"1a1c01bbd47fc00a2c39e90264f33305004495a9","hash":"f700cf556e14f0d660c2512acfcf4cdf6d60cd89"}
,"/Users/thomas.curry/Documents/misc-dev/cinema-tickets/src/pairtest/controllers/TicketController.js": {"path":"/Users/thomas.curry/Documents/misc-dev/cinema-tickets/src/pairtest/controllers/TicketController.js","statementMap":{"0":{"start":{"line":7,"column":22},"end":{"line":7,"column":41}},"1":{"start":{"line":8,"column":23},"end":{"line":8,"column":43}},"2":{"start":{"line":10,"column":31},"end":{"line":29,"column":1}},"3":{"start":{"line":11,"column":33},"end":{"line":11,"column":41}},"4":{"start":{"line":12,"column":25},"end":{"line":12,"column":66}},"5":{"start":{"line":14,"column":4},"end":{"line":16,"column":5}},"6":{"start":{"line":15,"column":8},"end":{"line":15,"column":76}},"7":{"start":{"line":18,"column":4},"end":{"line":28,"column":5}},"8":{"start":{"line":19,"column":35},"end":{"line":20,"column":97}},"9":{"start":{"line":20,"column":42},"end":{"line":20,"column":96}},"10":{"start":{"line":22,"column":23},"end":{"line":22,"column":84}},"11":{"start":{"line":24,"column":8},"end":{"line":24,"column":43}},"12":{"start":{"line":26,"column":8},"end":{"line":26,"column":25}},"13":{"start":{"line":27,"column":8},"end":{"line":27,"column":24}}},"fnMap":{"0":{"name":"(anonymous_0)","decl":{"start":{"line":10,"column":31},"end":{"line":10,"column":32}},"loc":{"start":{"line":10,"column":51},"end":{"line":29,"column":1}},"line":10},"1":{"name":"(anonymous_1)","decl":{"start":{"line":20,"column":17},"end":{"line":20,"column":18}},"loc":{"start":{"line":20,"column":42},"end":{"line":20,"column":96}},"line":20}},"branchMap":{"0":{"loc":{"start":{"line":14,"column":4},"end":{"line":16,"column":5}},"type":"if","locations":[{"start":{"line":14,"column":4},"end":{"line":16,"column":5}},{"start":{},"end":{}}],"line":14}},"s":{"0":1,"1":1,"2":1,"3":3,"4":3,"5":3,"6":1,"7":2,"8":2,"9":6,"10":2,"11":1,"12":1,"13":1},"f":{"0":3,"1":6},"b":{"0":[1,2]},"inputSourceMap":null,"_coverageSchema":"1a1c01bbd47fc00a2c39e90264f33305004495a9","hash":"5a656a1f326463a9571dce05c775f8e34071e011"}
,"/Users/thomas.curry/Documents/misc-dev/cinema-tickets/src/pairtest/lib/Constants.js": {"path":"/Users/thomas.curry/Documents/misc-dev/cinema-tickets/src/pairtest/lib/Constants.js","statementMap":{"0":{"start":{"line":1,"column":31},"end":{"line":1,"column":33}}},"fnMap":{},"branchMap":{},"s":{"0":2},"f":{},"b":{},"inputSourceMap":null,"_coverageSchema":"1a1c01bbd47fc00a2c39e90264f33305004495a9","hash":"bb69136eb82ca53d7b3670779a50d769ae9a9ffd"}
,"/Users/thomas.curry/Documents/misc-dev/cinema-tickets/src/pairtest/lib/TicketTypeRequest.js": {"path":"/Users/thomas.curry/Documents/misc-dev/cinema-tickets/src/pairtest/lib/TicketTypeRequest.js","statementMap":{"0":{"start":{"line":11,"column":4},"end":{"line":13,"column":5}},"1":{"start":{"line":12,"column":6},"end":{"line":12,"column":108}},"2":{"start":{"line":15,"column":4},"end":{"line":17,"column":5}},"3":{"start":{"line":16,"column":6},"end":{"line":16,"column":60}},"4":{"start":{"line":19,"column":4},"end":{"line":19,"column":22}},"5":{"start":{"line":20,"column":4},"end":{"line":20,"column":36}},"6":{"start":{"line":24,"column":4},"end":{"line":24,"column":29}},"7":{"start":{"line":28,"column":4},"end":{"line":28,"column":22}},"8":{"start":{"line":31,"column":10},"end":{"line":31,"column":38}}},"fnMap":{"0":{"name":"(anonymous_0)","decl":{"start":{"line":10,"column":2},"end":{"line":10,"column":3}},"loc":{"start":{"line":10,"column":33},"end":{"line":21,"column":3}},"line":10},"1":{"name":"(anonymous_1)","decl":{"start":{"line":23,"column":2},"end":{"line":23,"column":3}},"loc":{"start":{"line":23,"column":19},"end":{"line":25,"column":3}},"line":23},"2":{"name":"(anonymous_2)","decl":{"start":{"line":27,"column":2},"end":{"line":27,"column":3}},"loc":{"start":{"line":27,"column":18},"end":{"line":29,"column":3}},"line":27}},"branchMap":{"0":{"loc":{"start":{"line":11,"column":4},"end":{"line":13,"column":5}},"type":"if","locations":[{"start":{"line":11,"column":4},"end":{"line":13,"column":5}},{"start":{},"end":{}}],"line":11},"1":{"loc":{"start":{"line":15,"column":4},"end":{"line":17,"column":5}},"type":"if","locations":[{"start":{"line":15,"column":4},"end":{"line":17,"column":5}},{"start":{},"end":{}}],"line":15}},"s":{"0":17,"1":0,"2":17,"3":0,"4":17,"5":17,"6":15,"7":20,"8":17},"f":{"0":17,"1":15,"2":20},"b":{"0":[0,17],"1":[0,17]},"inputSourceMap":null,"_coverageSchema":"1a1c01bbd47fc00a2c39e90264f33305004495a9","hash":"e1a01984e92cb4ba6c657842cbfc49047f04edc8"}
,"/Users/thomas.curry/Documents/misc-dev/cinema-tickets/src/pairtest/models/errors/InternalPurchaseException.js": {"path":"/Users/thomas.curry/Documents/misc-dev/cinema-tickets/src/pairtest/models/errors/InternalPurchaseException.js","statementMap":{"0":{"start":{"line":5,"column":8},"end":{"line":5,"column":23}},"1":{"start":{"line":6,"column":8},"end":{"line":6,"column":31}},"2":{"start":{"line":7,"column":8},"end":{"line":7,"column":56}},"3":{"start":{"line":8,"column":8},"end":{"line":8,"column":71}}},"fnMap":{"0":{"name":"(anonymous_0)","decl":{"start":{"line":4,"column":4},"end":{"line":4,"column":5}},"loc":{"start":{"line":4,"column":25},"end":{"line":9,"column":7}},"line":4}},"branchMap":{},"s":{"0":1,"1":1,"2":1,"3":1},"f":{"0":1},"b":{},"inputSourceMap":null,"_coverageSchema":"1a1c01bbd47fc00a2c39e90264f33305004495a9","hash":"474414aa501d483ee8aa9fac81eb155e93c8a943"}
,"/Users/thomas.curry/Documents/misc-dev/cinema-tickets/src/pairtest/models/errors/InvalidPurchaseException.js": {"path":"/Users/thomas.curry/Documents/misc-dev/cinema-tickets/src/pairtest/models/errors/InvalidPurchaseException.js","statementMap":{"0":{"start":{"line":5,"column":8},"end":{"line":5,"column":23}},"1":{"start":{"line":6,"column":8},"end":{"line":6,"column":31}},"2":{"start":{"line":7,"column":8},"end":{"line":7,"column":46}},"3":{"start":{"line":8,"column":8},"end":{"line":8,"column":61}}},"fnMap":{"0":{"name":"(anonymous_0)","decl":{"start":{"line":4,"column":4},"end":{"line":4,"column":5}},"loc":{"start":{"line":4,"column":25},"end":{"line":9,"column":7}},"line":4}},"branchMap":{},"s":{"0":3,"1":3,"2":3,"3":3},"f":{"0":3},"b":{},"inputSourceMap":null,"_coverageSchema":"1a1c01bbd47fc00a2c39e90264f33305004495a9","hash":"d77007f48f88688aec66e886d5ed61d267ed27a4"}
,"/Users/thomas.curry/Documents/misc-dev/cinema-tickets/src/pairtest/repository/TicketRepository.js": {"path":"/Users/thomas.curry/Documents/misc-dev/cinema-tickets/src/pairtest/repository/TicketRepository.js","statementMap":{"0":{"start":{"line":4,"column":14},"end":{"line":8,"column":5}},"1":{"start":{"line":11,"column":8},"end":{"line":13,"column":9}},"2":{"start":{"line":12,"column":12},"end":{"line":12,"column":101}},"3":{"start":{"line":15,"column":8},"end":{"line":15,"column":39}}},"fnMap":{"0":{"name":"(anonymous_0)","decl":{"start":{"line":10,"column":4},"end":{"line":10,"column":5}},"loc":{"start":{"line":10,"column":25},"end":{"line":16,"column":5}},"line":10}},"branchMap":{"0":{"loc":{"start":{"line":11,"column":8},"end":{"line":13,"column":9}},"type":"if","locations":[{"start":{"line":11,"column":8},"end":{"line":13,"column":9}},{"start":{},"end":{}}],"line":11}},"s":{"0":4,"1":2,"2":1,"3":1},"f":{"0":2},"b":{"0":[1,1]},"inputSourceMap":null,"_coverageSchema":"1a1c01bbd47fc00a2c39e90264f33305004495a9","hash":"44143d69c8a621aa59354aff2d540a15c90a2c5e"}
,"/Users/thomas.curry/Documents/misc-dev/cinema-tickets/src/pairtest/services/AccountService.js": {"path":"/Users/thomas.curry/Documents/misc-dev/cinema-tickets/src/pairtest/services/AccountService.js","statementMap":{"0":{"start":{"line":3,"column":8},"end":{"line":3,"column":60}}},"fnMap":{"0":{"name":"(anonymous_0)","decl":{"start":{"line":2,"column":4},"end":{"line":2,"column":5}},"loc":{"start":{"line":2,"column":30},"end":{"line":4,"column":5}},"line":2}},"branchMap":{"0":{"loc":{"start":{"line":3,"column":15},"end":{"line":3,"column":60}},"type":"binary-expr","locations":[{"start":{"line":3,"column":15},"end":{"line":3,"column":42}},{"start":{"line":3,"column":46},"end":{"line":3,"column":60}}],"line":3}},"s":{"0":3},"f":{"0":3},"b":{"0":[3,2]},"inputSourceMap":null,"_coverageSchema":"1a1c01bbd47fc00a2c39e90264f33305004495a9","hash":"cf65e202a0e3c782f6b53beb6cddc6bfff739e5e"}
,"/Users/thomas.curry/Documents/misc-dev/cinema-tickets/src/pairtest/services/TicketService.js": {"path":"/Users/thomas.curry/Documents/misc-dev/cinema-tickets/src/pairtest/services/TicketService.js","statementMap":{"0":{"start":{"line":9,"column":25},"end":{"line":9,"column":47}},"1":{"start":{"line":10,"column":29},"end":{"line":10,"column":55}},"2":{"start":{"line":11,"column":30},"end":{"line":11,"column":58}},"3":{"start":{"line":16,"column":4},"end":{"line":18,"column":9}},"4":{"start":{"line":17,"column":6},"end":{"line":17,"column":45}},"5":{"start":{"line":22,"column":4},"end":{"line":22,"column":102}},"6":{"start":{"line":22,"column":56},"end":{"line":22,"column":101}},"7":{"start":{"line":26,"column":4},"end":{"line":28,"column":9}},"8":{"start":{"line":27,"column":6},"end":{"line":27,"column":71}},"9":{"start":{"line":32,"column":4},"end":{"line":35,"column":9}},"10":{"start":{"line":33,"column":27},"end":{"line":33,"column":65}},"11":{"start":{"line":34,"column":6},"end":{"line":34,"column":74}},"12":{"start":{"line":43,"column":4},"end":{"line":47,"column":5}},"13":{"start":{"line":44,"column":18},"end":{"line":44,"column":108}},"14":{"start":{"line":45,"column":6},"end":{"line":45,"column":24}},"15":{"start":{"line":46,"column":6},"end":{"line":46,"column":16}},"16":{"start":{"line":49,"column":4},"end":{"line":53,"column":5}},"17":{"start":{"line":50,"column":18},"end":{"line":50,"column":91}},"18":{"start":{"line":51,"column":6},"end":{"line":51,"column":24}},"19":{"start":{"line":52,"column":6},"end":{"line":52,"column":16}},"20":{"start":{"line":55,"column":4},"end":{"line":74,"column":5}},"21":{"start":{"line":56,"column":31},"end":{"line":56,"column":77}},"22":{"start":{"line":57,"column":35},"end":{"line":57,"column":80}},"23":{"start":{"line":59,"column":6},"end":{"line":59,"column":35}},"24":{"start":{"line":61,"column":6},"end":{"line":61,"column":67}},"25":{"start":{"line":62,"column":6},"end":{"line":62,"column":72}},"26":{"start":{"line":64,"column":6},"end":{"line":70,"column":7}},"27":{"start":{"line":72,"column":6},"end":{"line":72,"column":23}},"28":{"start":{"line":73,"column":6},"end":{"line":73,"column":95}}},"fnMap":{"0":{"name":"(anonymous_0)","decl":{"start":{"line":16,"column":37},"end":{"line":16,"column":38}},"loc":{"start":{"line":16,"column":57},"end":{"line":18,"column":5}},"line":16},"1":{"name":"(anonymous_1)","decl":{"start":{"line":22,"column":35},"end":{"line":22,"column":36}},"loc":{"start":{"line":22,"column":56},"end":{"line":22,"column":101}},"line":22},"2":{"name":"(anonymous_2)","decl":{"start":{"line":26,"column":37},"end":{"line":26,"column":38}},"loc":{"start":{"line":26,"column":57},"end":{"line":28,"column":5}},"line":26},"3":{"name":"(anonymous_3)","decl":{"start":{"line":32,"column":37},"end":{"line":32,"column":38}},"loc":{"start":{"line":32,"column":57},"end":{"line":35,"column":5}},"line":32},"4":{"name":"(anonymous_4)","decl":{"start":{"line":41,"column":2},"end":{"line":41,"column":3}},"loc":{"start":{"line":41,"column":49},"end":{"line":75,"column":3}},"line":41}},"branchMap":{"0":{"loc":{"start":{"line":34,"column":13},"end":{"line":34,"column":74}},"type":"cond-expr","locations":[{"start":{"line":34,"column":38},"end":{"line":34,"column":70}},{"start":{"line":34,"column":73},"end":{"line":34,"column":74}}],"line":34},"1":{"loc":{"start":{"line":43,"column":4},"end":{"line":47,"column":5}},"type":"if","locations":[{"start":{"line":43,"column":4},"end":{"line":47,"column":5}},{"start":{},"end":{}}],"line":43},"2":{"loc":{"start":{"line":49,"column":4},"end":{"line":53,"column":5}},"type":"if","locations":[{"start":{"line":49,"column":4},"end":{"line":53,"column":5}},{"start":{},"end":{}}],"line":49}},"s":{"0":2,"1":2,"2":2,"3":4,"4":11,"5":3,"6":8,"7":2,"8":6,"9":2,"10":6,"11":6,"12":4,"13":1,"14":1,"15":1,"16":3,"17":1,"18":1,"19":1,"20":2,"21":2,"22":2,"23":2,"24":2,"25":1,"26":1,"27":1,"28":1},"f":{"0":11,"1":8,"2":6,"3":6,"4":4},"b":{"0":[4,2],"1":[1,3],"2":[1,2]},"inputSourceMap":null,"_coverageSchema":"1a1c01bbd47fc00a2c39e90264f33305004495a9","hash":"e11807a87a058a5595065c10f49a2f7a3de9136b"}
,"/Users/thomas.curry/Documents/misc-dev/cinema-tickets/src/thirdparty/paymentgateway/TicketPaymentService.js": {"path":"/Users/thomas.curry/Documents/misc-dev/cinema-tickets/src/thirdparty/paymentgateway/TicketPaymentService.js","statementMap":{"0":{"start":{"line":5,"column":4},"end":{"line":7,"column":5}},"1":{"start":{"line":6,"column":6},"end":{"line":6,"column":58}},"2":{"start":{"line":9,"column":4},"end":{"line":11,"column":5}},"3":{"start":{"line":10,"column":6},"end":{"line":10,"column":65}}},"fnMap":{"0":{"name":"(anonymous_0)","decl":{"start":{"line":4,"column":2},"end":{"line":4,"column":3}},"loc":{"start":{"line":4,"column":43},"end":{"line":12,"column":3}},"line":4}},"branchMap":{"0":{"loc":{"start":{"line":5,"column":4},"end":{"line":7,"column":5}},"type":"if","locations":[{"start":{"line":5,"column":4},"end":{"line":7,"column":5}},{"start":{},"end":{}}],"line":5},"1":{"loc":{"start":{"line":9,"column":4},"end":{"line":11,"column":5}},"type":"if","locations":[{"start":{"line":9,"column":4},"end":{"line":11,"column":5}},{"start":{},"end":{}}],"line":9}},"s":{"0":0,"1":0,"2":0,"3":0},"f":{"0":0},"b":{"0":[0,0],"1":[0,0]},"inputSourceMap":null,"_coverageSchema":"1a1c01bbd47fc00a2c39e90264f33305004495a9","hash":"20cc278590b82a469904cc99ebbee18887452a67"}
,"/Users/thomas.curry/Documents/misc-dev/cinema-tickets/src/thirdparty/seatbooking/SeatReservationService.js": {"path":"/Users/thomas.curry/Documents/misc-dev/cinema-tickets/src/thirdparty/seatbooking/SeatReservationService.js","statementMap":{"0":{"start":{"line":5,"column":4},"end":{"line":7,"column":5}},"1":{"start":{"line":6,"column":6},"end":{"line":6,"column":58}},"2":{"start":{"line":9,"column":4},"end":{"line":11,"column":5}},"3":{"start":{"line":10,"column":6},"end":{"line":10,"column":69}}},"fnMap":{"0":{"name":"(anonymous_0)","decl":{"start":{"line":4,"column":2},"end":{"line":4,"column":3}},"loc":{"start":{"line":4,"column":47},"end":{"line":12,"column":3}},"line":4}},"branchMap":{"0":{"loc":{"start":{"line":5,"column":4},"end":{"line":7,"column":5}},"type":"if","locations":[{"start":{"line":5,"column":4},"end":{"line":7,"column":5}},{"start":{},"end":{}}],"line":5},"1":{"loc":{"start":{"line":9,"column":4},"end":{"line":11,"column":5}},"type":"if","locations":[{"start":{"line":9,"column":4},"end":{"line":11,"column":5}},{"start":{},"end":{}}],"line":9}},"s":{"0":0,"1":0,"2":0,"3":0},"f":{"0":0},"b":{"0":[0,0],"1":[0,0]},"inputSourceMap":null,"_coverageSchema":"1a1c01bbd47fc00a2c39e90264f33305004495a9","hash":"143ef4aba66276033ceb8870eafc526a1714e9aa"}
,"/Users/thomas.curry/Documents/misc-dev/cinema-tickets/test/utils/http-test-utils.js": {"path":"/Users/thomas.curry/Documents/misc-dev/cinema-tickets/test/utils/http-test-utils.js","statementMap":{"0":{"start":{"line":3,"column":21},"end":{"line":5,"column":1}},"1":{"start":{"line":7,"column":17},"end":{"line":7,"column":26}},"2":{"start":{"line":9,"column":0},"end":{"line":12,"column":3}},"3":{"start":{"line":10,"column":4},"end":{"line":10,"column":66}},"4":{"start":{"line":11,"column":4},"end":{"line":11,"column":64}}},"fnMap":{"0":{"name":"(anonymous_0)","decl":{"start":{"line":9,"column":18},"end":{"line":9,"column":19}},"loc":{"start":{"line":9,"column":24},"end":{"line":12,"column":1}},"line":9}},"branchMap":{},"s":{"0":1,"1":1,"2":1,"3":3,"4":3},"f":{"0":3},"b":{},"inputSourceMap":null,"_coverageSchema":"1a1c01bbd47fc00a2c39e90264f33305004495a9","hash":"27908d4841f6b20ee42ac2cecacf96b538047fb8"}
}
