TN:
SF:src/logger.js
FNF:0
FNH:0
DA:3,2
LF:1
LH:1
BRDA:4,0,0,0
BRDA:4,0,1,2
BRF:2
BRH:1
end_of_record
TN:
SF:src/pairtest/controllers/TicketController.js
FN:10,(anonymous_0)
FN:20,(anonymous_1)
FNF:2
FNH:2
FNDA:3,(anonymous_0)
FNDA:6,(anonymous_1)
DA:7,1
DA:8,1
DA:10,1
DA:11,3
DA:12,3
DA:14,3
DA:15,1
DA:18,2
DA:19,2
DA:20,6
DA:22,2
DA:24,1
DA:26,1
DA:27,1
LF:14
LH:14
BRDA:14,0,0,1
BRDA:14,0,1,2
BRF:2
BRH:2
end_of_record
TN:
SF:src/pairtest/lib/Constants.js
FNF:0
FNH:0
DA:1,2
LF:1
LH:1
BRF:0
BRH:0
end_of_record
TN:
SF:src/pairtest/lib/TicketTypeRequest.js
FN:10,(anonymous_0)
FN:23,(anonymous_1)
FN:27,(anonymous_2)
FNF:3
FNH:3
FNDA:17,(anonymous_0)
FNDA:15,(anonymous_1)
FNDA:20,(anonymous_2)
DA:11,17
DA:12,0
DA:15,17
DA:16,0
DA:19,17
DA:20,17
DA:24,15
DA:28,20
DA:31,17
LF:9
LH:7
BRDA:11,0,0,0
BRDA:11,0,1,17
BRDA:15,1,0,0
BRDA:15,1,1,17
BRF:4
BRH:2
end_of_record
TN:
SF:src/pairtest/models/errors/InternalPurchaseException.js
FN:4,(anonymous_0)
FNF:1
FNH:1
FNDA:1,(anonymous_0)
DA:5,1
DA:6,1
DA:7,1
DA:8,1
LF:4
LH:4
BRF:0
BRH:0
end_of_record
TN:
SF:src/pairtest/models/errors/InvalidPurchaseException.js
FN:4,(anonymous_0)
FNF:1
FNH:1
FNDA:3,(anonymous_0)
DA:5,3
DA:6,3
DA:7,3
DA:8,3
LF:4
LH:4
BRF:0
BRH:0
end_of_record
TN:
SF:src/pairtest/repository/TicketRepository.js
FN:10,(anonymous_0)
FNF:1
FNH:1
FNDA:2,(anonymous_0)
DA:4,4
DA:11,2
DA:12,1
DA:15,1
LF:4
LH:4
BRDA:11,0,0,1
BRDA:11,0,1,1
BRF:2
BRH:2
end_of_record
TN:
SF:src/pairtest/services/AccountService.js
FN:2,(anonymous_0)
FNF:1
FNH:1
FNDA:3,(anonymous_0)
DA:3,3
LF:1
LH:1
BRDA:3,0,0,3
BRDA:3,0,1,2
BRF:2
BRH:2
end_of_record
TN:
SF:src/pairtest/services/TicketService.js
FN:16,(anonymous_0)
FN:22,(anonymous_1)
FN:26,(anonymous_2)
FN:32,(anonymous_3)
FN:41,(anonymous_4)
FNF:5
FNH:5
FNDA:11,(anonymous_0)
FNDA:8,(anonymous_1)
FNDA:6,(anonymous_2)
FNDA:6,(anonymous_3)
FNDA:4,(anonymous_4)
DA:9,2
DA:10,2
DA:11,2
DA:16,4
DA:17,11
DA:22,8
DA:26,2
DA:27,6
DA:32,2
DA:33,6
DA:34,6
DA:43,4
DA:44,1
DA:45,1
DA:46,1
DA:49,3
DA:50,1
DA:51,1
DA:52,1
DA:55,2
DA:56,2
DA:57,2
DA:59,2
DA:61,2
DA:62,1
DA:64,1
DA:72,1
DA:73,1
LF:28
LH:28
BRDA:34,0,0,4
BRDA:34,0,1,2
BRDA:43,1,0,1
BRDA:43,1,1,3
BRDA:49,2,0,1
BRDA:49,2,1,2
BRF:6
BRH:6
end_of_record
TN:
SF:src/thirdparty/paymentgateway/TicketPaymentService.js
FN:4,(anonymous_0)
FNF:1
FNH:0
FNDA:0,(anonymous_0)
DA:5,0
DA:6,0
DA:9,0
DA:10,0
LF:4
LH:0
BRDA:5,0,0,0
BRDA:5,0,1,0
BRDA:9,1,0,0
BRDA:9,1,1,0
BRF:4
BRH:0
end_of_record
TN:
SF:src/thirdparty/seatbooking/SeatReservationService.js
FN:4,(anonymous_0)
FNF:1
FNH:0
FNDA:0,(anonymous_0)
DA:5,0
DA:6,0
DA:9,0
DA:10,0
LF:4
LH:0
BRDA:5,0,0,0
BRDA:5,0,1,0
BRDA:9,1,0,0
BRDA:9,1,1,0
BRF:4
BRH:0
end_of_record
TN:
SF:test/utils/http-test-utils.js
FN:9,(anonymous_0)
FNF:1
FNH:1
FNDA:3,(anonymous_0)
DA:3,1
DA:7,1
DA:9,1
DA:10,3
DA:11,3
LF:5
LH:5
BRF:0
BRH:0
end_of_record
